<?xml version="1.0" encoding="UTF-8"?>
<testng-results ignored="0" total="1" passed="1" failed="0" skipped="0">
  <reporter-output>
  </reporter-output>
  <suite started-at="2024-01-03T15:26:53 IST" name="Default suite" finished-at="2024-01-03T15:26:53 IST" duration-ms="30">
    <groups>
    </groups>
    <test started-at="2024-01-03T15:26:53 IST" name="Default test" finished-at="2024-01-03T15:26:53 IST" duration-ms="30">
      <class name="testscript.NewTest">
        <test-method signature="testcase()[pri:0, instance:testscript.NewTest@50b472aa]" started-at="2024-01-03T15:26:53 IST" name="testcase" finished-at="2024-01-03T15:26:53 IST" duration-ms="5" status="PASS">
          <reporter-output>
          </reporter-output>
        </test-method> <!-- testcase -->
      </class> <!-- testscript.NewTest -->
    </test> <!-- Default test -->
  </suite> <!-- Default suite -->
</testng-results>
